<?xml version="1.0" encoding="UTF-8"?>
<testsuite xmlns:xsi="http://www.w3.org/2001/XMLSchema-instance" xsi:noNamespaceSchemaLocation="https://maven.apache.org/surefire/maven-surefire-plugin/xsd/surefire-test-report.xsd" name="com.zhonghuilv.aitravel.pay.service.supports.test.WeixinPolicyTest" time="16.812" tests="1" errors="1" skipped="0" failures="0">
  <properties>
[...]
</properties>
  <testcase name="test" classname="com.zhonghuilv.aitravel.pay.service.supports.test.WeixinPolicyTest" time="0.607">
    <error message="该小程序未配置对应商户号！" type="com.zhonghuilv.aitravel.common.excption.DataNotAvailableException">com.zhonghuilv.aitravel.common.excption.DataNotAvailableException: 该小程序未配置对应商户号！
</error>
    <system-out><![CDATA[2019-05-24 22:01:30.344  INFO 5220 --- [           main] s.c.a.AnnotationConfigApplicationContext : Refreshing org.springframework.context.annotation.AnnotationConfigApplicationContext@36546a22: startup date [Fri May 24 22:01:30 CST 2019]; root of context hierarchy
2019-05-24 22:01:30.652  INFO 5220 --- [           main] f.a.AutowiredAnnotationBeanPostProcessor : JSR-330 'javax.inject.Inject' annotation found and supported for autowiring
2019-05-24 22:01:30.732  INFO 5220 --- [           main] trationDelegate$BeanPostProcessorChecker : Bean 'configurationPropertiesRebinderAutoConfiguration' of type [org.springframework.cloud.autoconfigure.ConfigurationPropertiesRebinderAutoConfiguration$$EnhancerBySpringCGLIB$$9fbf01d0] is not eligible for getting processed by all BeanPostProcessors (for example: not eligible for auto-proxying)

  .   ____          _            __ _ _
 /\\ / ___'_ __ _ _(_)_ __  __ _ \ \ \ \
( ( )\___ | '_ | '_| | '_ \/ _` | \ \ \ \
 \\/  ___)| |_)| | | | | || (_| |  ) ) ) )
  '  |____| .__|_| |_|_| |_\__, | / / / /
 =========|_|==============|___/=/_/_/_/
 :: Spring Boot ::        (v2.0.0.RELEASE)

2019-05-24 22:01:31.237  INFO 5220 --- [           main] c.c.c.ConfigServicePropertySourceLocator : Fetching config from server at : http://localhost:8888
2019-05-24 22:01:32.358  INFO 5220 --- [           main] c.c.c.ConfigServicePropertySourceLocator : Connect Timeout Exception on Url - http://localhost:8888. Will be trying the next url if available
2019-05-24 22:01:32.358  WARN 5220 --- [           main] c.c.c.ConfigServicePropertySourceLocator : Could not locate PropertySource: I/O error on GET request for "http://localhost:8888/pay-service/dev": Connection refused: connect; nested exception is java.net.ConnectException: Connection refused: connect
2019-05-24 22:01:32.369  INFO 5220 --- [           main] c.z.a.p.s.s.test.WeixinPolicyTest        : The following profiles are active: dev
2019-05-24 22:01:32.373  INFO 5220 --- [           main] o.s.w.c.s.GenericWebApplicationContext   : Refreshing org.springframework.web.context.support.GenericWebApplicationContext@5cbd159f: startup date [Fri May 24 22:01:32 CST 2019]; parent: org.springframework.context.annotation.AnnotationConfigApplicationContext@36546a22
2019-05-24 22:01:33.640  INFO 5220 --- [           main] o.s.i.config.IntegrationRegistrar        : No bean named 'integrationHeaderChannelRegistry' has been explicitly defined. Therefore, a default DefaultHeaderChannelRegistry will be created.
2019-05-24 22:01:34.877  INFO 5220 --- [           main] o.s.cloud.context.scope.GenericScope     : BeanFactory id=2b5b8138-24f8-3aea-9f3c-dcf4918557c2
2019-05-24 22:01:35.008  INFO 5220 --- [           main] faultConfiguringBeanFactoryPostProcessor : No bean named 'errorChannel' has been explicitly defined. Therefore, a default PublishSubscribeChannel will be created.
2019-05-24 22:01:35.011  INFO 5220 --- [           main] faultConfiguringBeanFactoryPostProcessor : No bean named 'taskScheduler' has been explicitly defined. Therefore, a default ThreadPoolTaskScheduler will be created.
2019-05-24 22:01:35.034  INFO 5220 --- [           main] f.a.AutowiredAnnotationBeanPostProcessor : JSR-330 'javax.inject.Inject' annotation found and supported for autowiring
2019-05-24 22:01:35.111  INFO 5220 --- [           main] trationDelegate$BeanPostProcessorChecker : Bean 'payServiceApplication' of type [com.zhonghuilv.aitravel.PayServiceApplication$$EnhancerBySpringCGLIB$$3b9da8c4] is not eligible for getting processed by all BeanPostProcessors (for example: not eligible for auto-proxying)
2019-05-24 22:01:35.209  INFO 5220 --- [           main] trationDelegate$BeanPostProcessorChecker : Bean 'org.springframework.amqp.rabbit.annotation.RabbitBootstrapConfiguration' of type [org.springframework.amqp.rabbit.annotation.RabbitBootstrapConfiguration$$EnhancerBySpringCGLIB$$4a10bd01] is not eligible for getting processed by all BeanPostProcessors (for example: not eligible for auto-proxying)
2019-05-24 22:01:35.339  INFO 5220 --- [           main] trationDelegate$BeanPostProcessorChecker : Bean 'org.springframework.transaction.annotation.ProxyTransactionManagementConfiguration' of type [org.springframework.transaction.annotation.ProxyTransactionManagementConfiguration$$EnhancerBySpringCGLIB$$83a4fed3] is not eligible for getting processed by all BeanPostProcessors (for example: not eligible for auto-proxying)
2019-05-24 22:01:35.764  INFO 5220 --- [           main] trationDelegate$BeanPostProcessorChecker : Bean 'org.springframework.integration.config.IntegrationManagementConfiguration' of type [org.springframework.integration.config.IntegrationManagementConfiguration$$EnhancerBySpringCGLIB$$ee96ba02] is not eligible for getting processed by all BeanPostProcessors (for example: not eligible for auto-proxying)
2019-05-24 22:01:35.796  INFO 5220 --- [           main] trationDelegate$BeanPostProcessorChecker : Bean 'org.springframework.cloud.autoconfigure.ConfigurationPropertiesRebinderAutoConfiguration' of type [org.springframework.cloud.autoconfigure.ConfigurationPropertiesRebinderAutoConfiguration$$EnhancerBySpringCGLIB$$9fbf01d0] is not eligible for getting processed by all BeanPostProcessors (for example: not eligible for auto-proxying)
2019-05-24 22:01:36.319  INFO 5220 --- [           main] c.z.a.pay.service.config.MapperAspect    : MapperAspect build success
2019-05-24 22:01:37.193  INFO 5220 --- [           main] o.s.s.c.ThreadPoolTaskScheduler          : Initializing ExecutorService  'taskScheduler'
2019-05-24 22:01:38.517  INFO 5220 --- [           main] s.w.s.m.m.a.RequestMappingHandlerMapping : Mapped "{[/integral_account/_freeze],methods=[PATCH]}" onto public com.zhonghuilv.aitravel.pay.intf.pojo.IntegralAccount com.zhonghuilv.aitravel.pay.service.controller.IntegralAccountController.freezeIntegral(java.lang.Long,java.lang.Long,java.lang.Integer)
2019-05-24 22:01:38.519  INFO 5220 --- [           main] s.w.s.m.m.a.RequestMappingHandlerMapping : Mapped "{[/integral_account],methods=[PUT]}" onto public T com.zhonghuilv.aitravel.pay.service.controller.BasicController.update(T)
2019-05-24 22:01:38.520  INFO 5220 --- [           main] s.w.s.m.m.a.RequestMappingHandlerMapping : Mapped "{[/integral_account/{id}],methods=[DELETE]}" onto public boolean com.zhonghuilv.aitravel.pay.service.controller.BasicController.delete(java.lang.Long)
2019-05-24 22:01:38.521  INFO 5220 --- [           main] s.w.s.m.m.a.RequestMappingHandlerMapping : Mapped "{[/integral_account],methods=[POST]}" onto public T com.zhonghuilv.aitravel.pay.service.controller.BasicController.save(T)
2019-05-24 22:01:38.521  INFO 5220 --- [           main] s.w.s.m.m.a.RequestMappingHandlerMapping : Mapped "{[/integral_account/_load_count],methods=[POST]}" onto public int com.zhonghuilv.aitravel.pay.service.controller.BasicController.loadCount(T)
2019-05-24 22:01:38.522  INFO 5220 --- [           main] s.w.s.m.m.a.RequestMappingHandlerMapping : Mapped "{[/integral_account/_search_by_column_likely],methods=[POST]}" onto public com.github.pagehelper.PageInfo<T> com.zhonghuilv.aitravel.pay.service.controller.BasicController.searchByColumnNameLikely(com.zhonghuilv.aitravel.pay.intf.common.pojo.dto.PageQuery<T>,java.lang.String)
2019-05-24 22:01:38.523  INFO 5220 --- [           main] s.w.s.m.m.a.RequestMappingHandlerMapping : Mapped "{[/integral_account/_batch_update],methods=[POST]}" onto public int com.zhonghuilv.aitravel.pay.service.controller.BasicController.batchUpdate(com.zhonghuilv.aitravel.pay.intf.common.pojo.dto.BatchUpdateDTO<T>)
2019-05-24 22:01:38.525  INFO 5220 --- [           main] s.w.s.m.m.a.RequestMappingHandlerMapping : Mapped "{[/integral_account/_search_by_ids],methods=[POST]}" onto public java.util.List<T> com.zhonghuilv.aitravel.pay.service.controller.BasicController.searchByIds(java.util.List<java.lang.Long>)
2019-05-24 22:01:38.525  INFO 5220 --- [           main] s.w.s.m.m.a.RequestMappingHandlerMapping : Mapped "{[/integral_account],methods=[PATCH]}" onto public T com.zhonghuilv.aitravel.pay.service.controller.BasicController.updateSelective(T)
2019-05-24 22:01:38.526  INFO 5220 --- [           main] s.w.s.m.m.a.RequestMappingHandlerMapping : Mapped "{[/integral_account/_search],methods=[POST]}" onto public java.util.List<T> com.zhonghuilv.aitravel.pay.service.controller.BasicController.loadList(T)
2019-05-24 22:01:38.528  INFO 5220 --- [           main] s.w.s.m.m.a.RequestMappingHandlerMapping : Mapped "{[/integral_account/_batch_add],methods=[POST]}" onto public java.util.List<T> com.zhonghuilv.aitravel.pay.service.controller.BasicController.saveList(java.util.List<T>)
2019-05-24 22:01:38.528  INFO 5220 --- [           main] s.w.s.m.m.a.RequestMappingHandlerMapping : Mapped "{[/integral_account/_search_by_example],methods=[POST]}" onto public com.github.pagehelper.Page<T> com.zhonghuilv.aitravel.pay.service.controller.BasicController.searchByExample(com.zhonghuilv.aitravel.pay.intf.common.pojo.dto.QueryExample<T>)
2019-05-24 22:01:38.528  INFO 5220 --- [           main] s.w.s.m.m.a.RequestMappingHandlerMapping : Mapped "{[/integral_account/_search_one],methods=[POST]}" onto public T com.zhonghuilv.aitravel.pay.service.controller.BasicController.loadOne(T)
2019-05-24 22:01:38.529  INFO 5220 --- [           main] s.w.s.m.m.a.RequestMappingHandlerMapping : Mapped "{[/integral_account/{id}],methods=[GET]}" onto public T com.zhonghuilv.aitravel.pay.service.controller.BasicController.loadById(java.lang.Long)
2019-05-24 22:01:38.530  INFO 5220 --- [           main] s.w.s.m.m.a.RequestMappingHandlerMapping : Mapped "{[/integral_account/_search_page],methods=[POST]}" onto public com.github.pagehelper.PageInfo<T> com.zhonghuilv.aitravel.pay.service.controller.BasicController.loadPage(com.zhonghuilv.aitravel.pay.intf.common.pojo.dto.PageQuery<T>)
2019-05-24 22:01:38.536  INFO 5220 --- [           main] s.w.s.m.m.a.RequestMappingHandlerMapping : Mapped "{[/integral_history],methods=[PUT]}" onto public T com.zhonghuilv.aitravel.pay.service.controller.BasicController.update(T)
2019-05-24 22:01:38.536  INFO 5220 --- [           main] s.w.s.m.m.a.RequestMappingHandlerMapping : Mapped "{[/integral_history/{id}],methods=[DELETE]}" onto public boolean com.zhonghuilv.aitravel.pay.service.controller.BasicController.delete(java.lang.Long)
2019-05-24 22:01:38.537  INFO 5220 --- [           main] s.w.s.m.m.a.RequestMappingHandlerMapping : Mapped "{[/integral_history],methods=[POST]}" onto public T com.zhonghuilv.aitravel.pay.service.controller.BasicController.save(T)
2019-05-24 22:01:38.538  INFO 5220 --- [           main] s.w.s.m.m.a.RequestMappingHandlerMapping : Mapped "{[/integral_history/_load_count],methods=[POST]}" onto public int com.zhonghuilv.aitravel.pay.service.controller.BasicController.loadCount(T)
2019-05-24 22:01:38.538  INFO 5220 --- [           main] s.w.s.m.m.a.RequestMappingHandlerMapping : Mapped "{[/integral_history/_search_by_column_likely],methods=[POST]}" onto public com.github.pagehelper.PageInfo<T> com.zhonghuilv.aitravel.pay.service.controller.BasicController.searchByColumnNameLikely(com.zhonghuilv.aitravel.pay.intf.common.pojo.dto.PageQuery<T>,java.lang.String)
2019-05-24 22:01:38.539  INFO 5220 --- [           main] s.w.s.m.m.a.RequestMappingHandlerMapping : Mapped "{[/integral_history/_batch_update],methods=[POST]}" onto public int com.zhonghuilv.aitravel.pay.service.controller.BasicController.batchUpdate(com.zhonghuilv.aitravel.pay.intf.common.pojo.dto.BatchUpdateDTO<T>)
2019-05-24 22:01:38.540  INFO 5220 --- [           main] s.w.s.m.m.a.RequestMappingHandlerMapping : Mapped "{[/integral_history/_search_by_ids],methods=[POST]}" onto public java.util.List<T> com.zhonghuilv.aitravel.pay.service.controller.BasicController.searchByIds(java.util.List<java.lang.Long>)
2019-05-24 22:01:38.540  INFO 5220 --- [           main] s.w.s.m.m.a.RequestMappingHandlerMapping : Mapped "{[/integral_history],methods=[PATCH]}" onto public T com.zhonghuilv.aitravel.pay.service.controller.BasicController.updateSelective(T)
2019-05-24 22:01:38.541  INFO 5220 --- [           main] s.w.s.m.m.a.RequestMappingHandlerMapping : Mapped "{[/integral_history/_search],methods=[POST]}" onto public java.util.List<T> com.zhonghuilv.aitravel.pay.service.controller.BasicController.loadList(T)
2019-05-24 22:01:38.542  INFO 5220 --- [           main] s.w.s.m.m.a.RequestMappingHandlerMapping : Mapped "{[/integral_history/_batch_add],methods=[POST]}" onto public java.util.List<T> com.zhonghuilv.aitravel.pay.service.controller.BasicController.saveList(java.util.List<T>)
2019-05-24 22:01:38.542  INFO 5220 --- [           main] s.w.s.m.m.a.RequestMappingHandlerMapping : Mapped "{[/integral_history/_search_by_example],methods=[POST]}" onto public com.github.pagehelper.Page<T> com.zhonghuilv.aitravel.pay.service.controller.BasicController.searchByExample(com.zhonghuilv.aitravel.pay.intf.common.pojo.dto.QueryExample<T>)
2019-05-24 22:01:38.543  INFO 5220 --- [           main] s.w.s.m.m.a.RequestMappingHandlerMapping : Mapped "{[/integral_history/_search_one],methods=[POST]}" onto public T com.zhonghuilv.aitravel.pay.service.controller.BasicController.loadOne(T)
2019-05-24 22:01:38.544  INFO 5220 --- [           main] s.w.s.m.m.a.RequestMappingHandlerMapping : Mapped "{[/integral_history/{id}],methods=[GET]}" onto public T com.zhonghuilv.aitravel.pay.service.controller.BasicController.loadById(java.lang.Long)
2019-05-24 22:01:38.544  INFO 5220 --- [           main] s.w.s.m.m.a.RequestMappingHandlerMapping : Mapped "{[/integral_history/_search_page],methods=[POST]}" onto public com.github.pagehelper.PageInfo<T> com.zhonghuilv.aitravel.pay.service.controller.BasicController.loadPage(com.zhonghuilv.aitravel.pay.intf.common.pojo.dto.PageQuery<T>)
2019-05-24 22:01:38.546  INFO 5220 --- [           main] s.w.s.m.m.a.RequestMappingHandlerMapping : Mapped "{[/order/_query_order_by_order_num],methods=[GET]}" onto public com.zhonghuilv.aitravel.pay.intf.pojo.YOrder com.zhonghuilv.aitravel.pay.service.controller.OrderController.queryOrderByOrderNum(java.lang.String)
2019-05-24 22:01:38.547  INFO 5220 --- [           main] s.w.s.m.m.a.RequestMappingHandlerMapping : Mapped "{[/order/_query_order_by_id],methods=[GET]}" onto public com.zhonghuilv.aitravel.pay.intf.pojo.dto.YOrderDetailPo com.zhonghuilv.aitravel.pay.service.controller.OrderController.queryOrderById(java.lang.Long)
2019-05-24 22:01:38.553  INFO 5220 --- [           main] s.w.s.m.m.a.RequestMappingHandlerMapping : Mapped "{[/pay_core/_test],methods=[GET]}" onto public java.lang.String com.zhonghuilv.aitravel.pay.service.controller.PayCoreController.test(java.lang.String)
2019-05-24 22:01:38.554  INFO 5220 --- [           main] s.w.s.m.m.a.RequestMappingHandlerMapping : Mapped "{[/pay_core/load_order_by_order_no],methods=[GET]}" onto public com.zhonghuilv.aitravel.pay.intf.pojo.TradePaymentOrder com.zhonghuilv.aitravel.pay.service.controller.PayCoreController.loadOrderByOrderNo(java.lang.String)
2019-05-24 22:01:38.554  INFO 5220 --- [           main] s.w.s.m.m.a.RequestMappingHandlerMapping : Mapped "{[/pay_core/ref_order_status],methods=[GET]}" onto public com.zhonghuilv.aitravel.pay.intf.pojo.TradePaymentOrder com.zhonghuilv.aitravel.pay.service.controller.PayCoreController.refOrderStatus(java.lang.String)
2019-05-24 22:01:38.555  INFO 5220 --- [           main] s.w.s.m.m.a.RequestMappingHandlerMapping : Mapped "{[/pay_core/_search_orderNos],methods=[POST]}" onto public java.util.List<com.zhonghuilv.aitravel.pay.intf.pojo.TradePaymentOrder> com.zhonghuilv.aitravel.pay.service.controller.PayCoreController.loadByOrderNos(java.util.List<java.lang.String>)
2019-05-24 22:01:38.556  INFO 5220 --- [           main] s.w.s.m.m.a.RequestMappingHandlerMapping : Mapped "{[/pay_core/_init_order_params],methods=[POST]}" onto public java.lang.String com.zhonghuilv.aitravel.pay.service.controller.PayCoreController.initOrderParams(com.zhonghuilv.aitravel.pay.intf.PayParams)
2019-05-24 22:01:38.556  INFO 5220 --- [           main] s.w.s.m.m.a.RequestMappingHandlerMapping : Mapped "{[/pay_core/callback],methods=[POST]}" onto public java.lang.String com.zhonghuilv.aitravel.pay.service.controller.PayCoreController.payCallback(com.zhonghuilv.aitravel.pay.intf.pojo.dto.ParseDTO)
2019-05-24 22:01:38.560  INFO 5220 --- [           main] s.w.s.m.m.a.RequestMappingHandlerMapping : Mapped "{[/refund_record/_apply],methods=[POST]}" onto public com.zhonghuilv.aitravel.pay.intf.pojo.RefundRecord com.zhonghuilv.aitravel.pay.service.controller.RefundRecordController.apply(com.zhonghuilv.aitravel.pay.intf.pojo.dto.RefundParamDTO)
2019-05-24 22:01:38.561  INFO 5220 --- [           main] s.w.s.m.m.a.RequestMappingHandlerMapping : Mapped "{[/refund_record/_audit],methods=[POST]}" onto public boolean com.zhonghuilv.aitravel.pay.service.controller.RefundRecordController.audit(com.zhonghuilv.aitravel.pay.intf.pojo.dto.RefundAuditDTO)
2019-05-24 22:01:38.561  INFO 5220 --- [           main] s.w.s.m.m.a.RequestMappingHandlerMapping : Mapped "{[/refund_record/_refund],methods=[POST]}" onto public boolean com.zhonghuilv.aitravel.pay.service.controller.RefundRecordController.refund(com.zhonghuilv.aitravel.pay.intf.pojo.dto.RefundParamDTO)
2019-05-24 22:01:38.564  INFO 5220 --- [           main] s.w.s.m.m.a.RequestMappingHandlerMapping : Mapped "{[/show/result],methods=[POST]}" onto public org.springframework.web.servlet.ModelAndView com.zhonghuilv.aitravel.pay.service.controller.ShowController.result(org.springframework.ui.ModelMap)
2019-05-24 22:01:38.565  INFO 5220 --- [           main] s.w.s.m.m.a.RequestMappingHandlerMapping : Mapped "{[/show/timeout],methods=[GET]}" onto public java.lang.String com.zhonghuilv.aitravel.pay.service.controller.ShowController.timeout(java.lang.Long)
2019-05-24 22:01:38.565  INFO 5220 --- [           main] s.w.s.m.m.a.RequestMappingHandlerMapping : Mapped "{[/show/{username}],methods=[GET]}" onto public java.lang.String com.zhonghuilv.aitravel.pay.service.controller.ShowController.username(java.lang.String)
2019-05-24 22:01:38.566  INFO 5220 --- [           main] s.w.s.m.m.a.RequestMappingHandlerMapping : Mapped "{[/show/page],methods=[GET]}" onto public org.springframework.web.servlet.ModelAndView com.zhonghuilv.aitravel.pay.service.controller.ShowController.page(javax.servlet.http.HttpServletRequest,javax.servlet.http.HttpServletResponse)
2019-05-24 22:01:38.566  INFO 5220 --- [           main] s.w.s.m.m.a.RequestMappingHandlerMapping : Mapped "{[/show/get_form],methods=[POST]}" onto public java.lang.String com.zhonghuilv.aitravel.pay.service.controller.ShowController.get_form(javax.servlet.http.HttpServletRequest,javax.servlet.http.HttpServletResponse) throws java.io.IOException
2019-05-24 22:01:38.567  INFO 5220 --- [           main] s.w.s.m.m.a.RequestMappingHandlerMapping : Mapped "{[/show/send_steam],methods=[GET]}" onto public org.springframework.messaging.Message<com.zhonghuilv.aitravel.pay.intf.pojo.dto.PayMessage> com.zhonghuilv.aitravel.pay.service.controller.ShowController.sendStreamMsg(java.lang.String,java.lang.String,java.lang.String,java.lang.String)
2019-05-24 22:01:38.568  INFO 5220 --- [           main] s.w.s.m.m.a.RequestMappingHandlerMapping : Mapped "{[/show/aa],methods=[GET]}" onto public java.lang.String com.zhonghuilv.aitravel.pay.service.controller.ShowController.aa()
2019-05-24 22:01:38.568  INFO 5220 --- [           main] s.w.s.m.m.a.RequestMappingHandlerMapping : Mapped "{[/show/send],methods=[GET]}" onto public com.zhonghuilv.aitravel.pay.intf.pojo.dto.PayMessage com.zhonghuilv.aitravel.pay.service.controller.ShowController.sendMsg(java.lang.String,java.lang.String,java.lang.String,java.lang.String)
2019-05-24 22:01:38.574  INFO 5220 --- [           main] s.w.s.m.m.a.RequestMappingHandlerMapping : Mapped "{[/wechat_mch/child],methods=[POST]}" onto public com.zhonghuilv.aitravel.pay.intf.pojo.WechatMch com.zhonghuilv.aitravel.pay.service.controller.WechatMchController.addChild(com.zhonghuilv.aitravel.pay.intf.pojo.WechatMch)
2019-05-24 22:01:38.575  INFO 5220 --- [           main] s.w.s.m.m.a.RequestMappingHandlerMapping : Mapped "{[/wechat_mch/{id}/_bind_app/{appid}],methods=[POST]}" onto public boolean com.zhonghuilv.aitravel.pay.service.controller.WechatMchController.bindApp(java.lang.Long,java.lang.String)
2019-05-24 22:01:38.576  INFO 5220 --- [           main] s.w.s.m.m.a.RequestMappingHandlerMapping : Mapped "{[/wechat_mch/{id}/_unbind_app/{appid}],methods=[POST]}" onto public boolean com.zhonghuilv.aitravel.pay.service.controller.WechatMchController.unbindApp(java.lang.Long,java.lang.String)
2019-05-24 22:01:38.577  INFO 5220 --- [           main] s.w.s.m.m.a.RequestMappingHandlerMapping : Mapped "{[/wechat_mch],methods=[PUT]}" onto public T com.zhonghuilv.aitravel.pay.service.controller.BasicController.update(T)
2019-05-24 22:01:38.579  INFO 5220 --- [           main] s.w.s.m.m.a.RequestMappingHandlerMapping : Mapped "{[/wechat_mch/{id}],methods=[DELETE]}" onto public boolean com.zhonghuilv.aitravel.pay.service.controller.BasicController.delete(java.lang.Long)
2019-05-24 22:01:38.580  INFO 5220 --- [           main] s.w.s.m.m.a.RequestMappingHandlerMapping : Mapped "{[/wechat_mch],methods=[POST]}" onto public T com.zhonghuilv.aitravel.pay.service.controller.BasicController.save(T)
2019-05-24 22:01:38.581  INFO 5220 --- [           main] s.w.s.m.m.a.RequestMappingHandlerMapping : Mapped "{[/wechat_mch/_load_count],methods=[POST]}" onto public int com.zhonghuilv.aitravel.pay.service.controller.BasicController.loadCount(T)
2019-05-24 22:01:38.582  INFO 5220 --- [           main] s.w.s.m.m.a.RequestMappingHandlerMapping : Mapped "{[/wechat_mch/_search_by_column_likely],methods=[POST]}" onto public com.github.pagehelper.PageInfo<T> com.zhonghuilv.aitravel.pay.service.controller.BasicController.searchByColumnNameLikely(com.zhonghuilv.aitravel.pay.intf.common.pojo.dto.PageQuery<T>,java.lang.String)
2019-05-24 22:01:38.583  INFO 5220 --- [           main] s.w.s.m.m.a.RequestMappingHandlerMapping : Mapped "{[/wechat_mch/_batch_update],methods=[POST]}" onto public int com.zhonghuilv.aitravel.pay.service.controller.BasicController.batchUpdate(com.zhonghuilv.aitravel.pay.intf.common.pojo.dto.BatchUpdateDTO<T>)
2019-05-24 22:01:38.583  INFO 5220 --- [           main] s.w.s.m.m.a.RequestMappingHandlerMapping : Mapped "{[/wechat_mch/_search_by_ids],methods=[POST]}" onto public java.util.List<T> com.zhonghuilv.aitravel.pay.service.controller.BasicController.searchByIds(java.util.List<java.lang.Long>)
2019-05-24 22:01:38.584  INFO 5220 --- [           main] s.w.s.m.m.a.RequestMappingHandlerMapping : Mapped "{[/wechat_mch],methods=[PATCH]}" onto public T com.zhonghuilv.aitravel.pay.service.controller.BasicController.updateSelective(T)
2019-05-24 22:01:38.585  INFO 5220 --- [           main] s.w.s.m.m.a.RequestMappingHandlerMapping : Mapped "{[/wechat_mch/_search],methods=[POST]}" onto public java.util.List<T> com.zhonghuilv.aitravel.pay.service.controller.BasicController.loadList(T)
2019-05-24 22:01:38.586  INFO 5220 --- [           main] s.w.s.m.m.a.RequestMappingHandlerMapping : Mapped "{[/wechat_mch/_batch_add],methods=[POST]}" onto public java.util.List<T> com.zhonghuilv.aitravel.pay.service.controller.BasicController.saveList(java.util.List<T>)
2019-05-24 22:01:38.587  INFO 5220 --- [           main] s.w.s.m.m.a.RequestMappingHandlerMapping : Mapped "{[/wechat_mch/_search_by_example],methods=[POST]}" onto public com.github.pagehelper.Page<T> com.zhonghuilv.aitravel.pay.service.controller.BasicController.searchByExample(com.zhonghuilv.aitravel.pay.intf.common.pojo.dto.QueryExample<T>)
2019-05-24 22:01:38.588  INFO 5220 --- [           main] s.w.s.m.m.a.RequestMappingHandlerMapping : Mapped "{[/wechat_mch/_search_one],methods=[POST]}" onto public T com.zhonghuilv.aitravel.pay.service.controller.BasicController.loadOne(T)
2019-05-24 22:01:38.588  INFO 5220 --- [           main] s.w.s.m.m.a.RequestMappingHandlerMapping : Mapped "{[/wechat_mch/{id}],methods=[GET]}" onto public T com.zhonghuilv.aitravel.pay.service.controller.BasicController.loadById(java.lang.Long)
2019-05-24 22:01:38.589  INFO 5220 --- [           main] s.w.s.m.m.a.RequestMappingHandlerMapping : Mapped "{[/wechat_mch/_search_page],methods=[POST]}" onto public com.github.pagehelper.PageInfo<T> com.zhonghuilv.aitravel.pay.service.controller.BasicController.loadPage(com.zhonghuilv.aitravel.pay.intf.common.pojo.dto.PageQuery<T>)
2019-05-24 22:01:38.595  INFO 5220 --- [           main] s.w.s.m.m.a.RequestMappingHandlerMapping : Mapped "{[/swagger-resources/configuration/security]}" onto public org.springframework.http.ResponseEntity<springfox.documentation.swagger.web.SecurityConfiguration> springfox.documentation.swagger.web.ApiResourceController.securityConfiguration()
2019-05-24 22:01:38.596  INFO 5220 --- [           main] s.w.s.m.m.a.RequestMappingHandlerMapping : Mapped "{[/swagger-resources]}" onto public org.springframework.http.ResponseEntity<java.util.List<springfox.documentation.swagger.web.SwaggerResource>> springfox.documentation.swagger.web.ApiResourceController.swaggerResources()
2019-05-24 22:01:38.597  INFO 5220 --- [           main] s.w.s.m.m.a.RequestMappingHandlerMapping : Mapped "{[/swagger-resources/configuration/ui]}" onto public org.springframework.http.ResponseEntity<springfox.documentation.swagger.web.UiConfiguration> springfox.documentation.swagger.web.ApiResourceController.uiConfiguration()
2019-05-24 22:01:38.602  INFO 5220 --- [           main] s.w.s.m.m.a.RequestMappingHandlerMapping : Mapped "{[/error]}" onto public org.springframework.http.ResponseEntity<java.util.Map<java.lang.String, java.lang.Object>> org.springframework.boot.autoconfigure.web.servlet.error.BasicErrorController.error(javax.servlet.http.HttpServletRequest)
2019-05-24 22:01:38.602  INFO 5220 --- [           main] s.w.s.m.m.a.RequestMappingHandlerMapping : Mapped "{[/error],produces=[text/html]}" onto public org.springframework.web.servlet.ModelAndView org.springframework.boot.autoconfigure.web.servlet.error.BasicErrorController.errorHtml(javax.servlet.http.HttpServletRequest,javax.servlet.http.HttpServletResponse)
2019-05-24 22:01:40.177  WARN 5220 --- [           main] c.n.c.sources.URLConfigurationSource     : No URLs will be polled as dynamic configuration sources.
2019-05-24 22:01:40.178  INFO 5220 --- [           main] c.n.c.sources.URLConfigurationSource     : To enable URLs as dynamic configuration sources, define System property archaius.configurationSource.additionalUrls or make config.properties available on classpath.
2019-05-24 22:01:40.202  INFO 5220 --- [           main] c.netflix.config.DynamicPropertyFactory  : DynamicPropertyFactory is initialized with configuration sources: com.netflix.config.ConcurrentCompositeConfiguration@757c685d
2019-05-24 22:01:40.698  INFO 5220 --- [           main] s.b.a.e.w.s.WebMvcEndpointHandlerMapping : Mapped "{[/actuator/archaius],methods=[GET],produces=[application/vnd.spring-boot.actuator.v2+json || application/json]}" onto public java.lang.Object org.springframework.boot.actuate.endpoint.web.servlet.AbstractWebMvcEndpointHandlerMapping$OperationHandler.handle(javax.servlet.http.HttpServletRequest,java.util.Map<java.lang.String, java.lang.String>)
2019-05-24 22:01:40.699  INFO 5220 --- [           main] s.b.a.e.w.s.WebMvcEndpointHandlerMapping : Mapped "{[/actuator/auditevents],methods=[GET],produces=[application/vnd.spring-boot.actuator.v2+json || application/json]}" onto public java.lang.Object org.springframework.boot.actuate.endpoint.web.servlet.AbstractWebMvcEndpointHandlerMapping$OperationHandler.handle(javax.servlet.http.HttpServletRequest,java.util.Map<java.lang.String, java.lang.String>)
2019-05-24 22:01:40.699  INFO 5220 --- [           main] s.b.a.e.w.s.WebMvcEndpointHandlerMapping : Mapped "{[/actuator/beans],methods=[GET],produces=[application/vnd.spring-boot.actuator.v2+json || application/json]}" onto public java.lang.Object org.springframework.boot.actuate.endpoint.web.servlet.AbstractWebMvcEndpointHandlerMapping$OperationHandler.handle(javax.servlet.http.HttpServletRequest,java.util.Map<java.lang.String, java.lang.String>)
2019-05-24 22:01:40.700  INFO 5220 --- [           main] s.b.a.e.w.s.WebMvcEndpointHandlerMapping : Mapped "{[/actuator/health],methods=[GET],produces=[application/vnd.spring-boot.actuator.v2+json || application/json]}" onto public java.lang.Object org.springframework.boot.actuate.endpoint.web.servlet.AbstractWebMvcEndpointHandlerMapping$OperationHandler.handle(javax.servlet.http.HttpServletRequest,java.util.Map<java.lang.String, java.lang.String>)
2019-05-24 22:01:40.700  INFO 5220 --- [           main] s.b.a.e.w.s.WebMvcEndpointHandlerMapping : Mapped "{[/actuator/conditions],methods=[GET],produces=[application/vnd.spring-boot.actuator.v2+json || application/json]}" onto public java.lang.Object org.springframework.boot.actuate.endpoint.web.servlet.AbstractWebMvcEndpointHandlerMapping$OperationHandler.handle(javax.servlet.http.HttpServletRequest,java.util.Map<java.lang.String, java.lang.String>)
2019-05-24 22:01:40.701  INFO 5220 --- [           main] s.b.a.e.w.s.WebMvcEndpointHandlerMapping : Mapped "{[/actuator/configprops],methods=[GET],produces=[application/vnd.spring-boot.actuator.v2+json || application/json]}" onto public java.lang.Object org.springframework.boot.actuate.endpoint.web.servlet.AbstractWebMvcEndpointHandlerMapping$OperationHandler.handle(javax.servlet.http.HttpServletRequest,java.util.Map<java.lang.String, java.lang.String>)
2019-05-24 22:01:40.701  INFO 5220 --- [           main] s.b.a.e.w.s.WebMvcEndpointHandlerMapping : Mapped "{[/actuator/env],methods=[GET],produces=[application/vnd.spring-boot.actuator.v2+json || application/json]}" onto public java.lang.Object org.springframework.boot.actuate.endpoint.web.servlet.AbstractWebMvcEndpointHandlerMapping$OperationHandler.handle(javax.servlet.http.HttpServletRequest,java.util.Map<java.lang.String, java.lang.String>)
2019-05-24 22:01:40.702  INFO 5220 --- [           main] s.b.a.e.w.s.WebMvcEndpointHandlerMapping : Mapped "{[/actuator/env/{toMatch}],methods=[GET],produces=[application/vnd.spring-boot.actuator.v2+json || application/json]}" onto public java.lang.Object org.springframework.boot.actuate.endpoint.web.servlet.AbstractWebMvcEndpointHandlerMapping$OperationHandler.handle(javax.servlet.http.HttpServletRequest,java.util.Map<java.lang.String, java.lang.String>)
2019-05-24 22:01:40.703  INFO 5220 --- [           main] s.b.a.e.w.s.WebMvcEndpointHandlerMapping : Mapped "{[/actuator/env],methods=[POST],consumes=[application/vnd.spring-boot.actuator.v2+json || application/json],produces=[application/vnd.spring-boot.actuator.v2+json || application/json]}" onto public java.lang.Object org.springframework.boot.actuate.endpoint.web.servlet.AbstractWebMvcEndpointHandlerMapping$OperationHandler.handle(javax.servlet.http.HttpServletRequest,java.util.Map<java.lang.String, java.lang.String>)
2019-05-24 22:01:40.704  INFO 5220 --- [           main] s.b.a.e.w.s.WebMvcEndpointHandlerMapping : Mapped "{[/actuator/env],methods=[DELETE],produces=[application/vnd.spring-boot.actuator.v2+json || application/json]}" onto public java.lang.Object org.springframework.boot.actuate.endpoint.web.servlet.AbstractWebMvcEndpointHandlerMapping$OperationHandler.handle(javax.servlet.http.HttpServletRequest,java.util.Map<java.lang.String, java.lang.String>)
2019-05-24 22:01:40.705  INFO 5220 --- [           main] s.b.a.e.w.s.WebMvcEndpointHandlerMapping : Mapped "{[/actuator/info],methods=[GET],produces=[application/vnd.spring-boot.actuator.v2+json || application/json]}" onto public java.lang.Object org.springframework.boot.actuate.endpoint.web.servlet.AbstractWebMvcEndpointHandlerMapping$OperationHandler.handle(javax.servlet.http.HttpServletRequest,java.util.Map<java.lang.String, java.lang.String>)
2019-05-24 22:01:40.705  INFO 5220 --- [           main] s.b.a.e.w.s.WebMvcEndpointHandlerMapping : Mapped "{[/actuator/loggers],methods=[GET],produces=[application/vnd.spring-boot.actuator.v2+json || application/json]}" onto public java.lang.Object org.springframework.boot.actuate.endpoint.web.servlet.AbstractWebMvcEndpointHandlerMapping$OperationHandler.handle(javax.servlet.http.HttpServletRequest,java.util.Map<java.lang.String, java.lang.String>)
2019-05-24 22:01:40.706  INFO 5220 --- [           main] s.b.a.e.w.s.WebMvcEndpointHandlerMapping : Mapped "{[/actuator/loggers/{name}],methods=[POST],consumes=[application/vnd.spring-boot.actuator.v2+json || application/json]}" onto public java.lang.Object org.springframework.boot.actuate.endpoint.web.servlet.AbstractWebMvcEndpointHandlerMapping$OperationHandler.handle(javax.servlet.http.HttpServletRequest,java.util.Map<java.lang.String, java.lang.String>)
2019-05-24 22:01:40.706  INFO 5220 --- [           main] s.b.a.e.w.s.WebMvcEndpointHandlerMapping : Mapped "{[/actuator/loggers/{name}],methods=[GET],produces=[application/vnd.spring-boot.actuator.v2+json || application/json]}" onto public java.lang.Object org.springframework.boot.actuate.endpoint.web.servlet.AbstractWebMvcEndpointHandlerMapping$OperationHandler.handle(javax.servlet.http.HttpServletRequest,java.util.Map<java.lang.String, java.lang.String>)
2019-05-24 22:01:40.707  INFO 5220 --- [           main] s.b.a.e.w.s.WebMvcEndpointHandlerMapping : Mapped "{[/actuator/heapdump],methods=[GET],produces=[application/octet-stream]}" onto public java.lang.Object org.springframework.boot.actuate.endpoint.web.servlet.AbstractWebMvcEndpointHandlerMapping$OperationHandler.handle(javax.servlet.http.HttpServletRequest,java.util.Map<java.lang.String, java.lang.String>)
2019-05-24 22:01:40.707  INFO 5220 --- [           main] s.b.a.e.w.s.WebMvcEndpointHandlerMapping : Mapped "{[/actuator/threaddump],methods=[GET],produces=[application/vnd.spring-boot.actuator.v2+json || application/json]}" onto public java.lang.Object org.springframework.boot.actuate.endpoint.web.servlet.AbstractWebMvcEndpointHandlerMapping$OperationHandler.handle(javax.servlet.http.HttpServletRequest,java.util.Map<java.lang.String, java.lang.String>)
2019-05-24 22:01:40.708  INFO 5220 --- [           main] s.b.a.e.w.s.WebMvcEndpointHandlerMapping : Mapped "{[/actuator/metrics],methods=[GET],produces=[application/vnd.spring-boot.actuator.v2+json || application/json]}" onto public java.lang.Object org.springframework.boot.actuate.endpoint.web.servlet.AbstractWebMvcEndpointHandlerMapping$OperationHandler.handle(javax.servlet.http.HttpServletRequest,java.util.Map<java.lang.String, java.lang.String>)
2019-05-24 22:01:40.709  INFO 5220 --- [           main] s.b.a.e.w.s.WebMvcEndpointHandlerMapping : Mapped "{[/actuator/metrics/{requiredMetricName}],methods=[GET],produces=[application/vnd.spring-boot.actuator.v2+json || application/json]}" onto public java.lang.Object org.springframework.boot.actuate.endpoint.web.servlet.AbstractWebMvcEndpointHandlerMapping$OperationHandler.handle(javax.servlet.http.HttpServletRequest,java.util.Map<java.lang.String, java.lang.String>)
2019-05-24 22:01:40.709  INFO 5220 --- [           main] s.b.a.e.w.s.WebMvcEndpointHandlerMapping : Mapped "{[/actuator/scheduledtasks],methods=[GET],produces=[application/vnd.spring-boot.actuator.v2+json || application/json]}" onto public java.lang.Object org.springframework.boot.actuate.endpoint.web.servlet.AbstractWebMvcEndpointHandlerMapping$OperationHandler.handle(javax.servlet.http.HttpServletRequest,java.util.Map<java.lang.String, java.lang.String>)
2019-05-24 22:01:40.710  INFO 5220 --- [           main] s.b.a.e.w.s.WebMvcEndpointHandlerMapping : Mapped "{[/actuator/httptrace],methods=[GET],produces=[application/vnd.spring-boot.actuator.v2+json || application/json]}" onto public java.lang.Object org.springframework.boot.actuate.endpoint.web.servlet.AbstractWebMvcEndpointHandlerMapping$OperationHandler.handle(javax.servlet.http.HttpServletRequest,java.util.Map<java.lang.String, java.lang.String>)
2019-05-24 22:01:40.710  INFO 5220 --- [           main] s.b.a.e.w.s.WebMvcEndpointHandlerMapping : Mapped "{[/actuator/mappings],methods=[GET],produces=[application/vnd.spring-boot.actuator.v2+json || application/json]}" onto public java.lang.Object org.springframework.boot.actuate.endpoint.web.servlet.AbstractWebMvcEndpointHandlerMapping$OperationHandler.handle(javax.servlet.http.HttpServletRequest,java.util.Map<java.lang.String, java.lang.String>)
2019-05-24 22:01:40.711  INFO 5220 --- [           main] s.b.a.e.w.s.WebMvcEndpointHandlerMapping : Mapped "{[/actuator/refresh],methods=[POST],produces=[application/vnd.spring-boot.actuator.v2+json || application/json]}" onto public java.lang.Object org.springframework.boot.actuate.endpoint.web.servlet.AbstractWebMvcEndpointHandlerMapping$OperationHandler.handle(javax.servlet.http.HttpServletRequest,java.util.Map<java.lang.String, java.lang.String>)
2019-05-24 22:01:40.711  INFO 5220 --- [           main] s.b.a.e.w.s.WebMvcEndpointHandlerMapping : Mapped "{[/actuator/features],methods=[GET],produces=[application/vnd.spring-boot.actuator.v2+json || application/json]}" onto public java.lang.Object org.springframework.boot.actuate.endpoint.web.servlet.AbstractWebMvcEndpointHandlerMapping$OperationHandler.handle(javax.servlet.http.HttpServletRequest,java.util.Map<java.lang.String, java.lang.String>)
2019-05-24 22:01:40.712  INFO 5220 --- [           main] s.b.a.e.w.s.WebMvcEndpointHandlerMapping : Mapped "{[/actuator/service-registry],methods=[GET],produces=[application/vnd.spring-boot.actuator.v2+json || application/json]}" onto public java.lang.Object org.springframework.boot.actuate.endpoint.web.servlet.AbstractWebMvcEndpointHandlerMapping$OperationHandler.handle(javax.servlet.http.HttpServletRequest,java.util.Map<java.lang.String, java.lang.String>)
2019-05-24 22:01:40.713  INFO 5220 --- [           main] s.b.a.e.w.s.WebMvcEndpointHandlerMapping : Mapped "{[/actuator/service-registry],methods=[POST],consumes=[application/vnd.spring-boot.actuator.v2+json || application/json],produces=[application/vnd.spring-boot.actuator.v2+json || application/json]}" onto public java.lang.Object org.springframework.boot.actuate.endpoint.web.servlet.AbstractWebMvcEndpointHandlerMapping$OperationHandler.handle(javax.servlet.http.HttpServletRequest,java.util.Map<java.lang.String, java.lang.String>)
2019-05-24 22:01:40.713  INFO 5220 --- [           main] s.b.a.e.w.s.WebMvcEndpointHandlerMapping : Mapped "{[/actuator/bindings/{name}],methods=[POST],consumes=[application/vnd.spring-boot.actuator.v2+json || application/json]}" onto public java.lang.Object org.springframework.boot.actuate.endpoint.web.servlet.AbstractWebMvcEndpointHandlerMapping$OperationHandler.handle(javax.servlet.http.HttpServletRequest,java.util.Map<java.lang.String, java.lang.String>)
2019-05-24 22:01:40.713  INFO 5220 --- [           main] s.b.a.e.w.s.WebMvcEndpointHandlerMapping : Mapped "{[/actuator/bindings],methods=[GET],produces=[application/vnd.spring-boot.actuator.v2+json || application/json]}" onto public java.lang.Object org.springframework.boot.actuate.endpoint.web.servlet.AbstractWebMvcEndpointHandlerMapping$OperationHandler.handle(javax.servlet.http.HttpServletRequest,java.util.Map<java.lang.String, java.lang.String>)
2019-05-24 22:01:40.714  INFO 5220 --- [           main] s.b.a.e.w.s.WebMvcEndpointHandlerMapping : Mapped "{[/actuator/bindings/{name}],methods=[GET],produces=[application/vnd.spring-boot.actuator.v2+json || application/json]}" onto public java.lang.Object org.springframework.boot.actuate.endpoint.web.servlet.AbstractWebMvcEndpointHandlerMapping$OperationHandler.handle(javax.servlet.http.HttpServletRequest,java.util.Map<java.lang.String, java.lang.String>)
2019-05-24 22:01:40.714  INFO 5220 --- [           main] s.b.a.e.w.s.WebMvcEndpointHandlerMapping : Mapped "{[/actuator/channels],methods=[GET],produces=[application/vnd.spring-boot.actuator.v2+json || application/json]}" onto public java.lang.Object org.springframework.boot.actuate.endpoint.web.servlet.AbstractWebMvcEndpointHandlerMapping$OperationHandler.handle(javax.servlet.http.HttpServletRequest,java.util.Map<java.lang.String, java.lang.String>)
2019-05-24 22:01:40.717  INFO 5220 --- [           main] s.b.a.e.w.s.WebMvcEndpointHandlerMapping : Mapped "{[/actuator],methods=[GET],produces=[application/vnd.spring-boot.actuator.v2+json || application/json]}" onto protected java.util.Map<java.lang.String, java.util.Map<java.lang.String, org.springframework.boot.actuate.endpoint.web.Link>> org.springframework.boot.actuate.endpoint.web.servlet.WebMvcEndpointHandlerMapping.links(javax.servlet.http.HttpServletRequest,javax.servlet.http.HttpServletResponse)
2019-05-24 22:01:41.150  INFO 5220 --- [           main] pertySourcedRequestMappingHandlerMapping : Mapped URL path [/v2/api-docs] onto method [public org.springframework.http.ResponseEntity<springfox.documentation.spring.web.json.Json> springfox.documentation.swagger2.web.Swagger2Controller.getDocumentation(java.lang.String,javax.servlet.http.HttpServletRequest)]
2019-05-24 22:01:41.404  WARN 5220 --- [           main] c.n.c.sources.URLConfigurationSource     : No URLs will be polled as dynamic configuration sources.
2019-05-24 22:01:41.404  INFO 5220 --- [           main] c.n.c.sources.URLConfigurationSource     : To enable URLs as dynamic configuration sources, define System property archaius.configurationSource.additionalUrls or make config.properties available on classpath.
2019-05-24 22:01:41.672  INFO 5220 --- [           main] s.w.s.m.m.a.RequestMappingHandlerAdapter : Looking for @ControllerAdvice: org.springframework.web.context.support.GenericWebApplicationContext@5cbd159f: startup date [Fri May 24 22:01:32 CST 2019]; parent: org.springframework.context.annotation.AnnotationConfigApplicationContext@36546a22
2019-05-24 22:01:41.794  INFO 5220 --- [           main] o.s.w.s.handler.SimpleUrlHandlerMapping  : Mapped URL path [/webjars/**] onto handler of type [class org.springframework.web.servlet.resource.ResourceHttpRequestHandler]
2019-05-24 22:01:41.796  INFO 5220 --- [           main] o.s.w.s.handler.SimpleUrlHandlerMapping  : Mapped URL path [/**] onto handler of type [class org.springframework.web.servlet.resource.ResourceHttpRequestHandler]
2019-05-24 22:01:41.832  INFO 5220 --- [           main] .m.m.a.ExceptionHandlerExceptionResolver : Detected @ExceptionHandler methods in defaultExceptionHandler
2019-05-24 22:01:41.884  INFO 5220 --- [           main] o.s.w.s.handler.SimpleUrlHandlerMapping  : Mapped URL path [/**/favicon.ico] onto handler of type [class org.springframework.web.servlet.resource.ResourceHttpRequestHandler]
2019-05-24 22:01:44.554  INFO 5220 --- [           main] o.s.c.support.DefaultLifecycleProcessor  : Starting beans in phase -2147482648
2019-05-24 22:01:44.555  INFO 5220 --- [           main] o.s.c.support.DefaultLifecycleProcessor  : Starting beans in phase 0
2019-05-24 22:01:44.576  INFO 5220 --- [           main] o.s.i.endpoint.EventDrivenConsumer       : Adding {logging-channel-adapter:_org.springframework.integration.errorLogger} as a subscriber to the 'errorChannel' channel
2019-05-24 22:01:44.577  INFO 5220 --- [           main] o.s.i.channel.PublishSubscribeChannel    : Channel 'pay-service-1.errorChannel' has 1 subscriber(s).
2019-05-24 22:01:44.577  INFO 5220 --- [           main] o.s.i.endpoint.EventDrivenConsumer       : started _org.springframework.integration.errorLogger
2019-05-24 22:01:44.577  INFO 5220 --- [           main] o.s.c.support.DefaultLifecycleProcessor  : Starting beans in phase 2147482647
2019-05-24 22:01:44.577  INFO 5220 --- [           main] o.s.c.support.DefaultLifecycleProcessor  : Starting beans in phase 2147483647
2019-05-24 22:01:44.578  INFO 5220 --- [           main] d.s.w.p.DocumentationPluginsBootstrapper : Context refreshed
2019-05-24 22:01:44.619  INFO 5220 --- [           main] d.s.w.p.DocumentationPluginsBootstrapper : Found 1 custom documentation plugin(s)
2019-05-24 22:01:44.683  INFO 5220 --- [           main] s.d.s.w.s.ApiListingReferenceScanner     : Scanning for api listing references
2019-05-24 22:01:44.857  INFO 5220 --- [           main] .d.s.w.r.o.CachingOperationNameGenerator : Generating unique operation named: batchUpdateUsingPOST_1
2019-05-24 22:01:44.859  INFO 5220 --- [           main] .d.s.w.r.o.CachingOperationNameGenerator : Generating unique operation named: deleteUsingDELETE_1
2019-05-24 22:01:44.864  INFO 5220 --- [           main] .d.s.w.r.o.CachingOperationNameGenerator : Generating unique operation named: loadByIdUsingGET_1
2019-05-24 22:01:44.866  INFO 5220 --- [           main] .d.s.w.r.o.CachingOperationNameGenerator : Generating unique operation named: loadCountUsingPOST_1
2019-05-24 22:01:44.869  INFO 5220 --- [           main] .d.s.w.r.o.CachingOperationNameGenerator : Generating unique operation named: loadListUsingPOST_1
2019-05-24 22:01:44.872  INFO 5220 --- [           main] .d.s.w.r.o.CachingOperationNameGenerator : Generating unique operation named: loadOneUsingPOST_1
2019-05-24 22:01:44.884  INFO 5220 --- [           main] .d.s.w.r.o.CachingOperationNameGenerator : Generating unique operation named: loadPageUsingPOST_1
2019-05-24 22:01:44.886  INFO 5220 --- [           main] .d.s.w.r.o.CachingOperationNameGenerator : Generating unique operation named: saveUsingPOST_1
2019-05-24 22:01:44.889  INFO 5220 --- [           main] .d.s.w.r.o.CachingOperationNameGenerator : Generating unique operation named: saveListUsingPOST_1
2019-05-24 22:01:44.892  INFO 5220 --- [           main] .d.s.w.r.o.CachingOperationNameGenerator : Generating unique operation named: searchByColumnNameLikelyUsingPOST_1
2019-05-24 22:01:44.908  INFO 5220 --- [           main] .d.s.w.r.o.CachingOperationNameGenerator : Generating unique operation named: searchByExampleUsingPOST_1
2019-05-24 22:01:44.911  INFO 5220 --- [           main] .d.s.w.r.o.CachingOperationNameGenerator : Generating unique operation named: searchByIdsUsingPOST_1
2019-05-24 22:01:44.912  INFO 5220 --- [           main] .d.s.w.r.o.CachingOperationNameGenerator : Generating unique operation named: updateUsingPUT_1
2019-05-24 22:01:44.914  INFO 5220 --- [           main] .d.s.w.r.o.CachingOperationNameGenerator : Generating unique operation named: updateSelectiveUsingPATCH_1
2019-05-24 22:01:45.007  WARN 5220 --- [           main] s.d.s.w.r.p.ParameterDataTypeReader      : Trying to infer dataType org.springframework.ui.ModelMap
2019-05-24 22:01:45.034  INFO 5220 --- [           main] .d.s.w.r.o.CachingOperationNameGenerator : Generating unique operation named: batchUpdateUsingPOST_2
2019-05-24 22:01:45.037  INFO 5220 --- [           main] .d.s.w.r.o.CachingOperationNameGenerator : Generating unique operation named: deleteUsingDELETE_2
2019-05-24 22:01:45.038  INFO 5220 --- [           main] .d.s.w.r.o.CachingOperationNameGenerator : Generating unique operation named: loadByIdUsingGET_2
2019-05-24 22:01:45.040  INFO 5220 --- [           main] .d.s.w.r.o.CachingOperationNameGenerator : Generating unique operation named: loadCountUsingPOST_2
2019-05-24 22:01:45.042  INFO 5220 --- [           main] .d.s.w.r.o.CachingOperationNameGenerator : Generating unique operation named: loadListUsingPOST_2
2019-05-24 22:01:45.044  INFO 5220 --- [           main] .d.s.w.r.o.CachingOperationNameGenerator : Generating unique operation named: loadOneUsingPOST_2
2019-05-24 22:01:45.052  INFO 5220 --- [           main] .d.s.w.r.o.CachingOperationNameGenerator : Generating unique operation named: loadPageUsingPOST_2
2019-05-24 22:01:45.053  INFO 5220 --- [           main] .d.s.w.r.o.CachingOperationNameGenerator : Generating unique operation named: saveUsingPOST_2
2019-05-24 22:01:45.055  INFO 5220 --- [           main] .d.s.w.r.o.CachingOperationNameGenerator : Generating unique operation named: saveListUsingPOST_2
2019-05-24 22:01:45.062  INFO 5220 --- [           main] .d.s.w.r.o.CachingOperationNameGenerator : Generating unique operation named: searchByColumnNameLikelyUsingPOST_2
2019-05-24 22:01:45.076  INFO 5220 --- [           main] .d.s.w.r.o.CachingOperationNameGenerator : Generating unique operation named: searchByExampleUsingPOST_2
2019-05-24 22:01:45.077  INFO 5220 --- [           main] .d.s.w.r.o.CachingOperationNameGenerator : Generating unique operation named: searchByIdsUsingPOST_2
2019-05-24 22:01:45.080  INFO 5220 --- [           main] .d.s.w.r.o.CachingOperationNameGenerator : Generating unique operation named: updateUsingPUT_2
2019-05-24 22:01:45.081  INFO 5220 --- [           main] .d.s.w.r.o.CachingOperationNameGenerator : Generating unique operation named: updateSelectiveUsingPATCH_2
2019-05-24 22:01:45.118  INFO 5220 --- [           main] c.z.a.p.s.s.test.WeixinPolicyTest        : Started WeixinPolicyTest in 15.479 seconds (JVM running for 16.597)
2019-05-24 22:01:45.373  INFO 5220 --- [           main] com.alibaba.druid.pool.DruidDataSource   : {dataSource-1} inited
2019-05-24 22:01:45.660 DEBUG 5220 --- [           main] c.z.a.p.s.m.W.selectByAppid              : ==>  Preparing: select wm.* from wechat_mch wm inner join wechat_app_mch wam on wam.mch_id = wm.id where wam.appid = ? 
2019-05-24 22:01:45.690 DEBUG 5220 --- [           main] c.z.a.p.s.m.W.selectByAppid              : ==> Parameters: wx6e566a629857ce13(String)
2019-05-24 22:01:45.738 DEBUG 5220 --- [           main] c.z.a.p.s.m.W.selectByAppid              : <==      Total: 0
]]></system-out>
    <system-err><![CDATA[五月 24, 2019 10:01:29 下午 org.springframework.test.context.support.AbstractTestContextBootstrapper buildDefaultMergedContextConfiguration
信息: Neither @ContextConfiguration nor @ContextHierarchy found for test class [com.zhonghuilv.aitravel.pay.service.supports.test.WeixinPolicyTest], using SpringBootContextLoader
五月 24, 2019 10:01:29 下午 org.springframework.test.context.support.AbstractContextLoader generateDefaultLocations
信息: Could not detect default resource locations for test class [com.zhonghuilv.aitravel.pay.service.supports.test.WeixinPolicyTest]: no resource found for suffixes {-context.xml, Context.groovy}.
五月 24, 2019 10:01:29 下午 org.springframework.test.context.support.AbstractTestContextBootstrapper getDefaultTestExecutionListenerClassNames
信息: Loaded default TestExecutionListener class names from location [META-INF/spring.factories]: [org.springframework.boot.test.mock.mockito.MockitoTestExecutionListener, org.springframework.boot.test.mock.mockito.ResetMocksTestExecutionListener, org.springframework.boot.test.autoconfigure.restdocs.RestDocsTestExecutionListener, org.springframework.boot.test.autoconfigure.web.client.MockRestServiceServerResetTestExecutionListener, org.springframework.boot.test.autoconfigure.web.servlet.MockMvcPrintOnlyOnFailureTestExecutionListener, org.springframework.boot.test.autoconfigure.web.servlet.WebDriverTestExecutionListener, org.springframework.test.context.web.ServletTestExecutionListener, org.springframework.test.context.support.DirtiesContextBeforeModesTestExecutionListener, org.springframework.test.context.support.DependencyInjectionTestExecutionListener, org.springframework.test.context.support.DirtiesContextTestExecutionListener, org.springframework.test.context.transaction.TransactionalTestExecutionListener, org.springframework.test.context.jdbc.SqlScriptsTestExecutionListener]
五月 24, 2019 10:01:29 下午 org.springframework.test.context.support.AbstractTestContextBootstrapper getTestExecutionListeners
信息: Using TestExecutionListeners: [org.springframework.test.context.web.ServletTestExecutionListener@1c7696c6, org.springframework.test.context.support.DirtiesContextBeforeModesTestExecutionListener@60099951, org.springframework.boot.test.mock.mockito.MockitoTestExecutionListener@20140db9, org.springframework.boot.test.autoconfigure.SpringBootDependencyInjectionTestExecutionListener@1e6a3214, org.springframework.test.context.support.DirtiesContextTestExecutionListener@368247b9, org.springframework.test.context.transaction.TransactionalTestExecutionListener@1a6d8329, org.springframework.test.context.jdbc.SqlScriptsTestExecutionListener@1a942c18, org.springframework.boot.test.mock.mockito.ResetMocksTestExecutionListener@55a147cc, org.springframework.boot.test.autoconfigure.restdocs.RestDocsTestExecutionListener@71ba6d4e, org.springframework.boot.test.autoconfigure.web.client.MockRestServiceServerResetTestExecutionListener@738dc9b, org.springframework.boot.test.autoconfigure.web.servlet.MockMvcPrintOnlyOnFailureTestExecutionListener@3c77d488, org.springframework.boot.test.autoconfigure.web.servlet.WebDriverTestExecutionListener@63376bed]
]]></system-err>
  </testcase>
</testsuite>